1609515640108	geckodriver	INFO	Listening on 127.0.0.1:48907
1609515641125	mozrunner::runner	INFO	Running command: "/usr/bin/firefox" "--marionette" "-foreground" "-no-remote" "-profile" "/tmp/rust_mozprofile9BVg3Q"
console.warn: SearchSettings: "get: No settings file exists, new profile?" (new Error("", "(unknown module)"))
1609515644113	Marionette	INFO	Listening on port 33619
1609515644172	Marionette	WARN	TLS certificate errors will be ignored for this session
JavaScript error: resource://gre/actors/AutoCompleteChild.jsm, line 125: Error: Invalid autocomplete selectedIndex
1609515647001	Marionette	INFO	Stopped listening on port 33619
1609515657202	geckodriver	INFO	Listening on 127.0.0.1:59823
1609515657208	mozrunner::runner	INFO	Running command: "/usr/bin/firefox" "--marionette" "-foreground" "-no-remote" "-profile" "/tmp/rust_mozprofile0vBGJv"
console.warn: SearchSettings: "get: No settings file exists, new profile?" (new Error("", "(unknown module)"))
1609515659751	Marionette	INFO	Listening on port 38383
1609515659835	Marionette	WARN	TLS certificate errors will be ignored for this session
JavaScript error: resource://gre/actors/AutoCompleteChild.jsm, line 125: Error: Invalid autocomplete selectedIndex
1609515662296	Marionette	INFO	Stopped listening on port 38383
1609515958252	geckodriver	INFO	Listening on 127.0.0.1:34239
1609515958256	mozrunner::runner	INFO	Running command: "/usr/bin/firefox" "--marionette" "-foreground" "-no-remote" "-profile" "/tmp/rust_mozprofileZfeYgN"
console.warn: SearchSettings: "get: No settings file exists, new profile?" (new Error("", "(unknown module)"))
1609515960649	Marionette	INFO	Listening on port 34015
1609515960714	Marionette	WARN	TLS certificate errors will be ignored for this session
JavaScript error: resource://gre/actors/AutoCompleteChild.jsm, line 125: Error: Invalid autocomplete selectedIndex
1609515978552	Marionette	INFO	Stopped listening on port 34015

###!!! [Parent][RunMessage] Error: Channel closing: too late to send/recv, messages will be lost

1609516827762	geckodriver	INFO	Listening on 127.0.0.1:49775
1609516827769	mozrunner::runner	INFO	Running command: "/usr/bin/firefox" "--marionette" "-foreground" "-no-remote" "-profile" "/tmp/rust_mozprofilehKJrFi"
console.warn: SearchSettings: "get: No settings file exists, new profile?" (new Error("", "(unknown module)"))
1609516830359	Marionette	INFO	Listening on port 38103
1609516830405	Marionette	WARN	TLS certificate errors will be ignored for this session
JavaScript error: resource://gre/actors/AutoCompleteChild.jsm, line 125: Error: Invalid autocomplete selectedIndex
1609516832967	Marionette	INFO	Stopped listening on port 38103
1609516931178	geckodriver	INFO	Listening on 127.0.0.1:51771
1609516932184	mozrunner::runner	INFO	Running command: "/usr/bin/firefox" "--marionette" "-foreground" "-no-remote" "-profile" "/tmp/rust_mozprofileiStesD"
console.warn: SearchSettings: "get: No settings file exists, new profile?" (new Error("", "(unknown module)"))
1609516935243	Marionette	INFO	Listening on port 44437
1609516935337	Marionette	WARN	TLS certificate errors will be ignored for this session
JavaScript error: resource://gre/actors/AutoCompleteChild.jsm, line 125: Error: Invalid autocomplete selectedIndex
1609516938158	Marionette	INFO	Stopped listening on port 44437
1609517016947	geckodriver	INFO	Listening on 127.0.0.1:43763
1609517017964	mozrunner::runner	INFO	Running command: "/usr/bin/firefox" "--marionette" "-foreground" "-no-remote" "-profile" "/tmp/rust_mozprofilese0Xqg"
console.warn: SearchSettings: "get: No settings file exists, new profile?" (new Error("", "(unknown module)"))
1609517020649	Marionette	INFO	Listening on port 35115
1609517020718	Marionette	WARN	TLS certificate errors will be ignored for this session
JavaScript error: resource://gre/actors/AutoCompleteChild.jsm, line 125: Error: Invalid autocomplete selectedIndex
1609517023266	Marionette	INFO	Stopped listening on port 35115

###!!! [Parent][RunMessage] Error: Channel closing: too late to send/recv, messages will be lost

1609517047921	geckodriver	INFO	Listening on 127.0.0.1:48375
1609517047926	mozrunner::runner	INFO	Running command: "/usr/bin/firefox" "--marionette" "-foreground" "-no-remote" "-profile" "/tmp/rust_mozprofile9noDRS"
console.warn: SearchSettings: "get: No settings file exists, new profile?" (new Error("", "(unknown module)"))
1609517050557	Marionette	INFO	Listening on port 37171
1609517050667	Marionette	WARN	TLS certificate errors will be ignored for this session
JavaScript error: resource://gre/actors/AutoCompleteChild.jsm, line 125: Error: Invalid autocomplete selectedIndex
1609517052943	Marionette	INFO	Stopped listening on port 37171
